<?xml version="1.0" encoding="UTF-8"?>
<!-- Generated by org.testng.reporters.JUnitReportReporter -->
<testsuite skipped="5" hostname="ramit-QA-ThinkPad-E490" name="API_Testing_TestNG_BDD.API_TestNG_BDD.API_Testing_1" tests="6" failures="0" timestamp="25 Jul 2020 18:06:12 GMT" time="0.701" errors="0">
  <testcase name="responseTime" time="0.701" classname="API_Testing_TestNG_BDD.API_TestNG_BDD.API_Testing_1"/>
  <testcase name="deleteAPI" classname="API_Testing_TestNG_BDD.API_TestNG_BDD.API_Testing_1">
    <skipped/>
  </testcase> <!-- deleteAPI -->
  <testcase name="postAPI" classname="API_Testing_TestNG_BDD.API_TestNG_BDD.API_Testing_1">
    <skipped/>
  </testcase> <!-- postAPI -->
  <testcase name="patchAPI" classname="API_Testing_TestNG_BDD.API_TestNG_BDD.API_Testing_1">
    <skipped/>
  </testcase> <!-- patchAPI -->
  <testcase name="getAPI" classname="API_Testing_TestNG_BDD.API_TestNG_BDD.API_Testing_1">
    <skipped/>
  </testcase> <!-- getAPI -->
  <testcase name="putAPI" classname="API_Testing_TestNG_BDD.API_TestNG_BDD.API_Testing_1">
    <skipped/>
  </testcase> <!-- putAPI -->
</testsuite> <!-- API_Testing_TestNG_BDD.API_TestNG_BDD.API_Testing_1 -->
