<?xml version="1.0" encoding="UTF-8"?>
<!-- Generated by org.testng.reporters.JUnitReportReporter -->
<testsuite skipped="6" hostname="Lenovo-I7-PC" name="API_Testing_TestNG_BDD.API_TestNG_BDD.API_Testing_1" tests="7" failures="0" timestamp="05 Mar 2020 10:12:15 GMT" time="3.075" errors="0">
  <testcase name="responseTime" time="3.075" classname="API_Testing_TestNG_BDD.API_TestNG_BDD.API_Testing_1"/>
  <testcase name="deleteAPI" classname="API_Testing_TestNG_BDD.API_TestNG_BDD.API_Testing_1">
    <skipped/>
  </testcase> <!-- deleteAPI -->
  <testcase name="postClassAPI" classname="API_Testing_TestNG_BDD.API_TestNG_BDD.API_Testing_1">
    <skipped/>
  </testcase> <!-- postClassAPI -->
  <testcase name="postAPI" classname="API_Testing_TestNG_BDD.API_TestNG_BDD.API_Testing_1">
    <skipped/>
  </testcase> <!-- postAPI -->
  <testcase name="patchAPI" classname="API_Testing_TestNG_BDD.API_TestNG_BDD.API_Testing_1">
    <skipped/>
  </testcase> <!-- patchAPI -->
  <testcase name="getAPI" classname="API_Testing_TestNG_BDD.API_TestNG_BDD.API_Testing_1">
    <skipped/>
  </testcase> <!-- getAPI -->
  <testcase name="putAPI" classname="API_Testing_TestNG_BDD.API_TestNG_BDD.API_Testing_1">
    <skipped/>
  </testcase> <!-- putAPI -->
</testsuite> <!-- API_Testing_TestNG_BDD.API_TestNG_BDD.API_Testing_1 -->
